Trying to load DB...
פבר 14, 2017 3:15:25 PM init.DBManager query
SEVERE: null
net.ucanaccess.jdbc.UcanaccessSQLException: UCAExc:::3.0.7 user lacks privilege or object not found: TBLSHOW.DATE
	at net.ucanaccess.jdbc.UcanaccessConnection.prepareStatement(UcanaccessConnection.java:528)
	at init.DBManager.query(DBManager.java:51)
	at init.MainClass.main(MainClass.java:33)
Caused by: java.sql.SQLSyntaxErrorException: user lacks privilege or object not found: TBLSHOW.DATE
	at org.hsqldb.jdbc.JDBCUtil.sqlException(Unknown Source)
	at org.hsqldb.jdbc.JDBCUtil.sqlException(Unknown Source)
	at org.hsqldb.jdbc.JDBCPreparedStatement.<init>(Unknown Source)
	at org.hsqldb.jdbc.JDBCConnection.prepareStatement(Unknown Source)
	at net.ucanaccess.jdbc.UcanaccessConnection.prepareStatement(UcanaccessConnection.java:525)
	... 2 more
Caused by: org.hsqldb.HsqlException: user lacks privilege or object not found: TBLSHOW.DATE
	at org.hsqldb.error.Error.error(Unknown Source)
	at org.hsqldb.error.Error.error(Unknown Source)
	at org.hsqldb.ExpressionColumn.checkColumnsResolved(Unknown Source)
	at org.hsqldb.QueryExpression.resolve(Unknown Source)
	at org.hsqldb.ParserDQL.compileCursorSpecification(Unknown Source)
	at org.hsqldb.ParserCommand.compilePart(Unknown Source)
	at org.hsqldb.ParserCommand.compileStatement(Unknown Source)
	at org.hsqldb.Session.compileStatement(Unknown Source)
	at org.hsqldb.StatementManager.compile(Unknown Source)
	at org.hsqldb.Session.execute(Unknown Source)
	... 5 more

Exception in thread "main" java.lang.NullPointerException
	at init.XMLManager.write(XMLManager.java:35)
	at init.MainClass.main(MainClass.java:33)
