Trying to load DB...
DB was loaded!

Sending UPDATE Query: INSERT INTO tblAgent (ID, firstName, lastName, phoneNumber, email, password) VALUES('ab1','aa','bb','052-4353467','http://example.com/pages/','12d')פבר 16, 2017 11:27:02 AM init.DBManager insert
SEVERE: null
net.ucanaccess.jdbc.UcanaccessSQLException: UCAExc:::3.0.7 integrity constraint violation: unique constraint or index violation; SYS_PK_10484 table: TBLAGENT
	at net.ucanaccess.jdbc.UcanaccessStatement.executeUpdate(UcanaccessStatement.java:233)
	at init.DBManager.insert(DBManager.java:76)
	at init.DBManager.<init>(DBManager.java:56)
	at init.HandsInTheAir.main(HandsInTheAir.java:30)
Caused by: java.sql.SQLIntegrityConstraintViolationException: integrity constraint violation: unique constraint or index violation; SYS_PK_10484 table: TBLAGENT
	at org.hsqldb.jdbc.JDBCUtil.sqlException(Unknown Source)
	at org.hsqldb.jdbc.JDBCUtil.sqlException(Unknown Source)
	at org.hsqldb.jdbc.JDBCStatement.fetchResult(Unknown Source)
	at org.hsqldb.jdbc.JDBCStatement.executeUpdate(Unknown Source)
	at net.ucanaccess.jdbc.ExecuteUpdate.executeWrapped(ExecuteUpdate.java:71)
	at net.ucanaccess.jdbc.AbstractExecute.executeBase(AbstractExecute.java:152)
	at net.ucanaccess.jdbc.ExecuteUpdate.execute(ExecuteUpdate.java:50)
	at net.ucanaccess.jdbc.UcanaccessStatement.executeUpdate(UcanaccessStatement.java:231)
	... 3 more
Caused by: org.hsqldb.HsqlException: integrity constraint violation: unique constraint or index violation; SYS_PK_10484 table: TBLAGENT
	at org.hsqldb.error.Error.error(Unknown Source)
	at org.hsqldb.Constraint.getException(Unknown Source)
	at org.hsqldb.index.IndexAVLMemory.insert(Unknown Source)
	at org.hsqldb.persist.RowStoreAVL.indexRow(Unknown Source)
	at org.hsqldb.TransactionManager2PL.addInsertAction(Unknown Source)
	at org.hsqldb.Session.addInsertAction(Unknown Source)
	at org.hsqldb.Table.insertSingleRow(Unknown Source)
	at org.hsqldb.StatementDML.insertSingleRow(Unknown Source)
	at org.hsqldb.StatementInsert.getResult(Unknown Source)
	at org.hsqldb.StatementDMQL.execute(Unknown Source)
	at org.hsqldb.Session.executeCompiledStatement(Unknown Source)
	at org.hsqldb.Session.executeDirectStatement(Unknown Source)
	at org.hsqldb.Session.execute(Unknown Source)
	... 9 more

